Arguments: 
  /usr/bin/node /usr/share/yarn/bin/yarn.js add webpack

PATH: 
  /usr/local/sbin:/usr/local/bin:/usr/sbin:/usr/bin:/sbin:/bin:/usr/games:/usr/local/games:/mnt/c/Program Files (x86)/Intel/iCLS Client:/mnt/c/Program Files/Intel/iCLS Client:/mnt/c/ImageMagick-6.9.2-Q16:/mnt/c/Windows/System32:/mnt/c/Windows:/mnt/c/Windows/System32/wbem:/mnt/c/Windows/System32/WindowsPowerShell/v1.0:/mnt/c/Program Files (x86)/Windows Kits/8.1/Windows Performance Toolkit:/mnt/c/Program Files/Microsoft SQL Server/110/Tools/Binn:/mnt/c/Program Files (x86)/Microsoft SDKs/TypeScript/1.0:/mnt/c/Program Files/Microsoft SQL Server/120/Tools/Binn:/mnt/c/Development/Tools:/mnt/c/Development/Tools/Console2:/mnt/c/Python27:/mnt/c/Python27/Scripts:/mnt/c/Program Files/Microsoft/Web Platform Installer:/mnt/c/Program Files (x86)/Microsoft SQL Server/100/Tools/Binn:/mnt/c/Program Files/Microsoft SQL Server/100/Tools/Binn:/mnt/c/Program Files/Microsoft SQL Server/100/DTS/Binn:/mnt/c/Program Files (x86)/Microsoft ASP.NET/ASP.NET Web Pages/v1.0:/mnt/c/Program Files/Microsoft SQL Server/Client SDK/ODBC/110/Tools/Binn:/mnt/c/Program Files (x86)/Microsoft SQL Server/120/Tools/Binn:/mnt/c/Program Files/Microsoft SQL Server/120/DTS/Binn:/mnt/c/Program Files (x86)/Microsoft SQL Server/120/Tools/Binn/ManagementStudio:/mnt/c/Program Files (x86)/Microsoft SQL Server/120/DTS/Binn:/mnt/c/RailsInstaller/Ruby2.1.0/bin:/mnt/c/Program Files (x86)/Git/cmd:/mnt/c/Program Files/Intel/Intel(R) Management Engine Components/DAL:/mnt/c/Program Files (x86)/Intel/Intel(R) Management Engine Components/DAL:/mnt/c/Program Files/Intel/Intel(R) Management Engine Components/IPT:/mnt/c/Program Files (x86)/Intel/Intel(R) Management Engine Components/IPT:/mnt/c/Program Files (x86)/MySQL/MySQL Fabric 1.5 & MySQL Utilities 1.5:/mnt/c/Program Files (x86)/MySQL/MySQL Fabric 1.5 & MySQL Utilities 1.5/Doctrine extensions for PHP:/mnt/c/Program Files/Microsoft DNX/Dnvm:/mnt/c/Program Files/Microsoft SQL Server/130/Tools/Binn:/mnt/c/Program Files (x86)/QuickTime/QTSystem:/mnt/c/HashiCorp/Vagrant/bin:/mnt/c/Program Files (x86)/Skype/Phone:/mnt/c/Windows/System32/OpenSSH:/mnt/c/Users/corne/AppData/Roaming/nvm:/mnt/c/Users/corne/AppData/Roaming/nvm/v9.11.1:/mnt/c/Users/corne/AppData/Local/Programs/Python/Python35-32/Scripts:/mnt/c/Users/corne/AppData/Local/Programs/Python/Python35-32:/mnt/c/Ruby23/bin:/mnt/c/Users/corne/AppData/Local/Microsoft/WindowsApps:/mnt/c/Program Files (x86)/Microsoft VS Code/bin:/mnt/c/Users/corne/.babun:/mnt/c/Program Files/heroku/bin:/mnt/c/Users/corne/AppData/Local/Programs/Fiddler

Yarn version: 
  1.7.0

Node version: 
  8.10.0

Platform: 
  linux x64

Trace: 
  SyntaxError: /mnt/c/Users/corne/workspace/whatsthetime/package.json: Unexpected token } in JSON at position 842
      at JSON.parse (<anonymous>)
      at /usr/share/yarn/lib/cli.js:1130:59
      at Generator.next (<anonymous>)
      at step (/usr/share/yarn/lib/cli.js:98:30)
      at /usr/share/yarn/lib/cli.js:109:13
      at <anonymous>

npm manifest: 
  {
    "name": "fullstack-React-boilerplate",
    "version": "0.1.0",
    "description": "Fullstack React Node Boilerplate",
    "main": "server/index.js",
    "repository": "https://github.com/cornelia-schulz/fullstack-React-boilerplate.git",
    "author": "Cornelia Schulz",
    "license": "ISC",
    "private": false,
    "babel": {
      "presets": [
        "env",
        "react"
      ]
    },
    "scripts": {
      "dev": "nodemon server --watch server & webpack --watch",
      "start": "webpack",
      "build": "webpack"
    },
    "dependencies": {
      "babel-core": "^6.26.3",
      "babel-loader": "^7.1.4",
      "babel-preset-env": "^1.7.0",
      "babel-preset-react": "^6.24.1",
      "express": "^4.16.3",
      "knex": "^0.14.6",
      "react": "^16.4.1",
      "react-dom": "^16.4.1",
      "react-router-dom": "^4.3.1",
      "sqlite3": "^4.0.1",
      "superagent": "^3.8.3",
  
    },
    "devDependencies": {
      "nodemon": "^1.17.5"
    }
  }

yarn manifest: 
  No manifest

Lockfile: 
  No lockfile
